This is XeTeX, Version 3.14159265-2.6-0.999992 (MiKTeX 20.11) (preloaded format=xelatex 2021.10.12)  12 OCT 2021 18:04
entering extended mode
**./assignment1_ks.tex
(assignment1_ks.tex
LaTeX2e <2020-10-01> patch level 2
L3 programming layer <2020-10-27> xparse <2020-03-03> (jupyterBook.cls
Document Class: jupyterBook 2020/11/06
(C:\Users\user\AppData\Local\Programs\MiKTeX\tex/latex/xcolor\xcolor.sty
Package: xcolor 2016/05/11 v2.12 LaTeX color extensions (UK)

(C:\Users\user\AppData\Local\Programs\MiKTeX\tex/latex/graphics-cfg\color.cfg
File: color.cfg 2016/01/02 v1.6 sample color configuration
)
Package xcolor Info: Driver file: xetex.def on input line 225.

(C:\Users\user\AppData\Local\Programs\MiKTeX\tex/latex/graphics-def\xetex.def
File: xetex.def 2020/08/26 v5.0i Graphics/color driver for xetex
)
Package xcolor Info: Model `cmy' substituted by `cmy0' on input line 1348.
Package xcolor Info: Model `RGB' extended on input line 1364.
Package xcolor Info: Model `HTML' substituted by `rgb' on input line 1366.
Package xcolor Info: Model `Hsb' substituted by `hsb' on input line 1367.
Package xcolor Info: Model `tHsb' substituted by `hsb' on input line 1368.
Package xcolor Info: Model `HSB' substituted by `hsb' on input line 1369.
Package xcolor Info: Model `Gray' substituted by `gray' on input line 1370.
Package xcolor Info: Model `wave' substituted by `hsb' on input line 1371.
) (C:\Users\user\AppData\Local\Programs\MiKTeX\tex/latex/base\inputenc.sty
Package: inputenc 2020/08/01 v1.3d Input encoding file
\inpenc@prehook=\toks15
\inpenc@posthook=\toks16


Package inputenc Warning: inputenc package ignored with utf8 based engines.

) (C:\Users\user\AppData\Local\Programs\MiKTeX\tex/latex/graphics\graphicx.sty
Package: graphicx 2020/09/09 v1.2b Enhanced LaTeX Graphics (DPC,SPQR)

(C:\Users\user\AppData\Local\Programs\MiKTeX\tex/latex/graphics\keyval.sty
Package: keyval 2014/10/28 v1.15 key=value parser (DPC)
\KV@toks@=\toks17
)
(C:\Users\user\AppData\Local\Programs\MiKTeX\tex/latex/graphics\graphics.sty
Package: graphics 2020/08/30 v1.4c Standard LaTeX Graphics (DPC,SPQR)

(C:\Users\user\AppData\Local\Programs\MiKTeX\tex/latex/graphics\trig.sty
Package: trig 2016/01/03 v1.10 sin cos tan (DPC)
)
(C:\Users\user\AppData\Local\Programs\MiKTeX\tex/latex/graphics-cfg\graphics.cf
g
File: graphics.cfg 2016/06/04 v1.11 sample graphics configuration
)
Package graphics Info: Driver file: xetex.def on input line 105.
)
\Gin@req@height=\dimen138
\Gin@req@width=\dimen139
) (C:\Users\user\AppData\Local\Programs\MiKTeX\tex/latex/amsmath\amsmath.sty
Package: amsmath 2020/09/23 v2.17i AMS math features
\@mathmargin=\skip47
For additional information on amsmath, use the `?' option.
(C:\Users\user\AppData\Local\Programs\MiKTeX\tex/latex/amsmath\amstext.sty
Package: amstext 2000/06/29 v2.01 AMS text

(C:\Users\user\AppData\Local\Programs\MiKTeX\tex/latex/amsmath\amsgen.sty
File: amsgen.sty 1999/11/30 v2.0 generic functions
\@emptytoks=\toks18
\ex@=\dimen140
))
(C:\Users\user\AppData\Local\Programs\MiKTeX\tex/latex/amsmath\amsbsy.sty
Package: amsbsy 1999/11/29 v1.2d Bold Symbols
\pmbraise@=\dimen141
)
(C:\Users\user\AppData\Local\Programs\MiKTeX\tex/latex/amsmath\amsopn.sty
Package: amsopn 2016/03/08 v2.02 operator names
)
\inf@bad=\count171
LaTeX Info: Redefining \frac on input line 234.
\uproot@=\count172
\leftroot@=\count173
LaTeX Info: Redefining \overline on input line 399.
\classnum@=\count174
\DOTSCASE@=\count175
LaTeX Info: Redefining \ldots on input line 496.
LaTeX Info: Redefining \dots on input line 499.
LaTeX Info: Redefining \cdots on input line 620.
\Mathstrutbox@=\box47
\strutbox@=\box48
\big@size=\dimen142
LaTeX Font Info:    Redeclaring font encoding OML on input line 743.
LaTeX Font Info:    Redeclaring font encoding OMS on input line 744.
\macc@depth=\count176
\c@MaxMatrixCols=\count177
\dotsspace@=\muskip16
\c@parentequation=\count178
\dspbrk@lvl=\count179
\tag@help=\toks19
\row@=\count180
\column@=\count181
\maxfields@=\count182
\andhelp@=\toks20
\eqnshift@=\dimen143
\alignsep@=\dimen144
\tagshift@=\dimen145
\tagwidth@=\dimen146
\totwidth@=\dimen147
\lineht@=\dimen148
\@envbody=\toks21
\multlinegap=\skip48
\multlinetaggap=\skip49
\mathdisplay@stack=\toks22
LaTeX Info: Redefining \[ on input line 2923.
LaTeX Info: Redefining \] on input line 2924.
)
(C:\Users\user\AppData\Local\Programs\MiKTeX\tex/latex/amsfonts\amssymb.sty
Package: amssymb 2013/01/14 v3.01 AMS font symbols

(C:\Users\user\AppData\Local\Programs\MiKTeX\tex/latex/amsfonts\amsfonts.sty
Package: amsfonts 2013/01/14 v3.01 Basic AMSFonts support
\symAMSa=\mathgroup4
\symAMSb=\mathgroup5
LaTeX Font Info:    Redeclaring math symbol \hbar on input line 98.
LaTeX Font Info:    Overwriting math alphabet `\mathfrak' in version `bold'
(Font)                  U/euf/m/n --> U/euf/b/n on input line 106.
))
(C:\Users\user\AppData\Local\Programs\MiKTeX\tex/latex/jknappen\mathrsfs.sty
Package: mathrsfs 1996/01/01 Math RSFS package v1.0 (jk)
\symrsfs=\mathgroup6
)
(C:\Users\user\AppData\Local\Programs\MiKTeX\tex/latex/pgf/frontendlayer\tikz.s
ty
(C:\Users\user\AppData\Local\Programs\MiKTeX\tex/latex/pgf/basiclayer\pgf.sty
(C:\Users\user\AppData\Local\Programs\MiKTeX\tex/latex/pgf/utilities\pgfrcs.sty

(C:\Users\user\AppData\Local\Programs\MiKTeX\tex/generic/pgf/utilities\pgfutil-
common.tex
\pgfutil@everybye=\toks23
\pgfutil@tempdima=\dimen149
\pgfutil@tempdimb=\dimen150

(C:\Users\user\AppData\Local\Programs\MiKTeX\tex/generic/pgf/utilities\pgfutil-
common-lists.tex))
(C:\Users\user\AppData\Local\Programs\MiKTeX\tex/generic/pgf/utilities\pgfutil-
latex.def
\pgfutil@abb=\box49
)
(C:\Users\user\AppData\Local\Programs\MiKTeX\tex/generic/pgf/utilities\pgfrcs.c
ode.tex
(C:\Users\user\AppData\Local\Programs\MiKTeX\tex/generic/pgf\pgf.revision.tex)
Package: pgfrcs 2020/10/01 v3.1.6a (3.1.6a)
))
Package: pgf 2020/10/01 v3.1.6a (3.1.6a)

(C:\Users\user\AppData\Local\Programs\MiKTeX\tex/latex/pgf/basiclayer\pgfcore.s
ty
(C:\Users\user\AppData\Local\Programs\MiKTeX\tex/latex/pgf/systemlayer\pgfsys.s
ty
(C:\Users\user\AppData\Local\Programs\MiKTeX\tex/generic/pgf/systemlayer\pgfsys
.code.tex
Package: pgfsys 2020/10/01 v3.1.6a (3.1.6a)

(C:\Users\user\AppData\Local\Programs\MiKTeX\tex/generic/pgf/utilities\pgfkeys.
code.tex
\pgfkeys@pathtoks=\toks24
\pgfkeys@temptoks=\toks25

(C:\Users\user\AppData\Local\Programs\MiKTeX\tex/generic/pgf/utilities\pgfkeysf
iltered.code.tex
\pgfkeys@tmptoks=\toks26
))
\pgf@x=\dimen151
\pgf@y=\dimen152
\pgf@xa=\dimen153
\pgf@ya=\dimen154
\pgf@xb=\dimen155
\pgf@yb=\dimen156
\pgf@xc=\dimen157
\pgf@yc=\dimen158
\pgf@xd=\dimen159
\pgf@yd=\dimen160
\w@pgf@writea=\write3
\r@pgf@reada=\read2
\c@pgf@counta=\count183
\c@pgf@countb=\count184
\c@pgf@countc=\count185
\c@pgf@countd=\count186
\t@pgf@toka=\toks27
\t@pgf@tokb=\toks28
\t@pgf@tokc=\toks29
\pgf@sys@id@count=\count187

(C:\Users\user\AppData\Local\Programs\MiKTeX\tex/generic/pgf/systemlayer\pgf.cf
g
File: pgf.cfg 2020/10/01 v3.1.6a (3.1.6a)
)
Driver file for pgf: pgfsys-xetex.def

(C:\Users\user\AppData\Local\Programs\MiKTeX\tex/generic/pgf/systemlayer\pgfsys
-xetex.def
File: pgfsys-xetex.def 2020/10/01 v3.1.6a (3.1.6a)

(C:\Users\user\AppData\Local\Programs\MiKTeX\tex/generic/pgf/systemlayer\pgfsys
-dvipdfmx.def
File: pgfsys-dvipdfmx.def 2020/10/01 v3.1.6a (3.1.6a)

(C:\Users\user\AppData\Local\Programs\MiKTeX\tex/generic/pgf/systemlayer\pgfsys
-common-pdf.def
File: pgfsys-common-pdf.def 2020/10/01 v3.1.6a (3.1.6a)
)
\pgfsys@objnum=\count188
)))
(C:\Users\user\AppData\Local\Programs\MiKTeX\tex/generic/pgf/systemlayer\pgfsys
softpath.code.tex
File: pgfsyssoftpath.code.tex 2020/10/01 v3.1.6a (3.1.6a)
\pgfsyssoftpath@smallbuffer@items=\count189
\pgfsyssoftpath@bigbuffer@items=\count190
)
(C:\Users\user\AppData\Local\Programs\MiKTeX\tex/generic/pgf/systemlayer\pgfsys
protocol.code.tex
File: pgfsysprotocol.code.tex 2020/10/01 v3.1.6a (3.1.6a)
))
(C:\Users\user\AppData\Local\Programs\MiKTeX\tex/generic/pgf/basiclayer\pgfcore
.code.tex
Package: pgfcore 2020/10/01 v3.1.6a (3.1.6a)

(C:\Users\user\AppData\Local\Programs\MiKTeX\tex/generic/pgf/math\pgfmath.code.
tex
(C:\Users\user\AppData\Local\Programs\MiKTeX\tex/generic/pgf/math\pgfmathcalc.c
ode.tex
(C:\Users\user\AppData\Local\Programs\MiKTeX\tex/generic/pgf/math\pgfmathutil.c
ode.tex)
(C:\Users\user\AppData\Local\Programs\MiKTeX\tex/generic/pgf/math\pgfmathparser
.code.tex
\pgfmath@dimen=\dimen161
\pgfmath@count=\count191
\pgfmath@box=\box50
\pgfmath@toks=\toks30
\pgfmath@stack@operand=\toks31
\pgfmath@stack@operation=\toks32
)
(C:\Users\user\AppData\Local\Programs\MiKTeX\tex/generic/pgf/math\pgfmathfuncti
ons.code.tex
(C:\Users\user\AppData\Local\Programs\MiKTeX\tex/generic/pgf/math\pgfmathfuncti
ons.basic.code.tex)
(C:\Users\user\AppData\Local\Programs\MiKTeX\tex/generic/pgf/math\pgfmathfuncti
ons.trigonometric.code.tex)
(C:\Users\user\AppData\Local\Programs\MiKTeX\tex/generic/pgf/math\pgfmathfuncti
ons.random.code.tex)
(C:\Users\user\AppData\Local\Programs\MiKTeX\tex/generic/pgf/math\pgfmathfuncti
ons.comparison.code.tex)
(C:\Users\user\AppData\Local\Programs\MiKTeX\tex/generic/pgf/math\pgfmathfuncti
ons.base.code.tex)
(C:\Users\user\AppData\Local\Programs\MiKTeX\tex/generic/pgf/math\pgfmathfuncti
ons.round.code.tex)
(C:\Users\user\AppData\Local\Programs\MiKTeX\tex/generic/pgf/math\pgfmathfuncti
ons.misc.code.tex)
(C:\Users\user\AppData\Local\Programs\MiKTeX\tex/generic/pgf/math\pgfmathfuncti
ons.integerarithmetics.code.tex)))
(C:\Users\user\AppData\Local\Programs\MiKTeX\tex/generic/pgf/math\pgfmathfloat.
code.tex
\c@pgfmathroundto@lastzeros=\count192
))
(C:\Users\user\AppData\Local\Programs\MiKTeX\tex/generic/pgf/math\pgfint.code.t
ex)
(C:\Users\user\AppData\Local\Programs\MiKTeX\tex/generic/pgf/basiclayer\pgfcore
points.code.tex
File: pgfcorepoints.code.tex 2020/10/01 v3.1.6a (3.1.6a)
\pgf@picminx=\dimen162
\pgf@picmaxx=\dimen163
\pgf@picminy=\dimen164
\pgf@picmaxy=\dimen165
\pgf@pathminx=\dimen166
\pgf@pathmaxx=\dimen167
\pgf@pathminy=\dimen168
\pgf@pathmaxy=\dimen169
\pgf@xx=\dimen170
\pgf@xy=\dimen171
\pgf@yx=\dimen172
\pgf@yy=\dimen173
\pgf@zx=\dimen174
\pgf@zy=\dimen175
)
(C:\Users\user\AppData\Local\Programs\MiKTeX\tex/generic/pgf/basiclayer\pgfcore
pathconstruct.code.tex
File: pgfcorepathconstruct.code.tex 2020/10/01 v3.1.6a (3.1.6a)
\pgf@path@lastx=\dimen176
\pgf@path@lasty=\dimen177
)
(C:\Users\user\AppData\Local\Programs\MiKTeX\tex/generic/pgf/basiclayer\pgfcore
pathusage.code.tex
File: pgfcorepathusage.code.tex 2020/10/01 v3.1.6a (3.1.6a)
\pgf@shorten@end@additional=\dimen178
\pgf@shorten@start@additional=\dimen179
)
(C:\Users\user\AppData\Local\Programs\MiKTeX\tex/generic/pgf/basiclayer\pgfcore
scopes.code.tex
File: pgfcorescopes.code.tex 2020/10/01 v3.1.6a (3.1.6a)
\pgfpic=\box51
\pgf@hbox=\box52
\pgf@layerbox@main=\box53
\pgf@picture@serial@count=\count193
)
(C:\Users\user\AppData\Local\Programs\MiKTeX\tex/generic/pgf/basiclayer\pgfcore
graphicstate.code.tex
File: pgfcoregraphicstate.code.tex 2020/10/01 v3.1.6a (3.1.6a)
\pgflinewidth=\dimen180
)
(C:\Users\user\AppData\Local\Programs\MiKTeX\tex/generic/pgf/basiclayer\pgfcore
transformations.code.tex
File: pgfcoretransformations.code.tex 2020/10/01 v3.1.6a (3.1.6a)
\pgf@pt@x=\dimen181
\pgf@pt@y=\dimen182
\pgf@pt@temp=\dimen183
)
(C:\Users\user\AppData\Local\Programs\MiKTeX\tex/generic/pgf/basiclayer\pgfcore
quick.code.tex
File: pgfcorequick.code.tex 2020/10/01 v3.1.6a (3.1.6a)
)
(C:\Users\user\AppData\Local\Programs\MiKTeX\tex/generic/pgf/basiclayer\pgfcore
objects.code.tex
File: pgfcoreobjects.code.tex 2020/10/01 v3.1.6a (3.1.6a)
)
(C:\Users\user\AppData\Local\Programs\MiKTeX\tex/generic/pgf/basiclayer\pgfcore
pathprocessing.code.tex
File: pgfcorepathprocessing.code.tex 2020/10/01 v3.1.6a (3.1.6a)
)
(C:\Users\user\AppData\Local\Programs\MiKTeX\tex/generic/pgf/basiclayer\pgfcore
arrows.code.tex
File: pgfcorearrows.code.tex 2020/10/01 v3.1.6a (3.1.6a)
\pgfarrowsep=\dimen184
)
(C:\Users\user\AppData\Local\Programs\MiKTeX\tex/generic/pgf/basiclayer\pgfcore
shade.code.tex
File: pgfcoreshade.code.tex 2020/10/01 v3.1.6a (3.1.6a)
\pgf@max=\dimen185
\pgf@sys@shading@range@num=\count194
\pgf@shadingcount=\count195
)
(C:\Users\user\AppData\Local\Programs\MiKTeX\tex/generic/pgf/basiclayer\pgfcore
image.code.tex
File: pgfcoreimage.code.tex 2020/10/01 v3.1.6a (3.1.6a)

(C:\Users\user\AppData\Local\Programs\MiKTeX\tex/generic/pgf/basiclayer\pgfcore
external.code.tex
File: pgfcoreexternal.code.tex 2020/10/01 v3.1.6a (3.1.6a)
\pgfexternal@startupbox=\box54
))
(C:\Users\user\AppData\Local\Programs\MiKTeX\tex/generic/pgf/basiclayer\pgfcore
layers.code.tex
File: pgfcorelayers.code.tex 2020/10/01 v3.1.6a (3.1.6a)
)
(C:\Users\user\AppData\Local\Programs\MiKTeX\tex/generic/pgf/basiclayer\pgfcore
transparency.code.tex
File: pgfcoretransparency.code.tex 2020/10/01 v3.1.6a (3.1.6a)
)
(C:\Users\user\AppData\Local\Programs\MiKTeX\tex/generic/pgf/basiclayer\pgfcore
patterns.code.tex
File: pgfcorepatterns.code.tex 2020/10/01 v3.1.6a (3.1.6a)
)
(C:\Users\user\AppData\Local\Programs\MiKTeX\tex/generic/pgf/basiclayer\pgfcore
rdf.code.tex
File: pgfcorerdf.code.tex 2020/10/01 v3.1.6a (3.1.6a)
)))
(C:\Users\user\AppData\Local\Programs\MiKTeX\tex/generic/pgf/modules\pgfmodules
hapes.code.tex
File: pgfmoduleshapes.code.tex 2020/10/01 v3.1.6a (3.1.6a)
\pgfnodeparttextbox=\box55
)
(C:\Users\user\AppData\Local\Programs\MiKTeX\tex/generic/pgf/modules\pgfmodulep
lot.code.tex
File: pgfmoduleplot.code.tex 2020/10/01 v3.1.6a (3.1.6a)
)
(C:\Users\user\AppData\Local\Programs\MiKTeX\tex/latex/pgf/compatibility\pgfcom
p-version-0-65.sty
Package: pgfcomp-version-0-65 2020/10/01 v3.1.6a (3.1.6a)
\pgf@nodesepstart=\dimen186
\pgf@nodesepend=\dimen187
)
(C:\Users\user\AppData\Local\Programs\MiKTeX\tex/latex/pgf/compatibility\pgfcom
p-version-1-18.sty
Package: pgfcomp-version-1-18 2020/10/01 v3.1.6a (3.1.6a)
))
(C:\Users\user\AppData\Local\Programs\MiKTeX\tex/latex/pgf/utilities\pgffor.sty

(C:\Users\user\AppData\Local\Programs\MiKTeX\tex/latex/pgf/utilities\pgfkeys.st
y
(C:\Users\user\AppData\Local\Programs\MiKTeX\tex/generic/pgf/utilities\pgfkeys.
code.tex))
(C:\Users\user\AppData\Local\Programs\MiKTeX\tex/latex/pgf/math\pgfmath.sty
(C:\Users\user\AppData\Local\Programs\MiKTeX\tex/generic/pgf/math\pgfmath.code.
tex))
(C:\Users\user\AppData\Local\Programs\MiKTeX\tex/generic/pgf/utilities\pgffor.c
ode.tex
Package: pgffor 2020/10/01 v3.1.6a (3.1.6a)

(C:\Users\user\AppData\Local\Programs\MiKTeX\tex/generic/pgf/math\pgfmath.code.
tex)
\pgffor@iter=\dimen188
\pgffor@skip=\dimen189
\pgffor@stack=\toks33
\pgffor@toks=\toks34
))
(C:\Users\user\AppData\Local\Programs\MiKTeX\tex/generic/pgf/frontendlayer/tikz
\tikz.code.tex
Package: tikz 2020/10/01 v3.1.6a (3.1.6a)

(C:\Users\user\AppData\Local\Programs\MiKTeX\tex/generic/pgf/libraries\pgflibra
ryplothandlers.code.tex
File: pgflibraryplothandlers.code.tex 2020/10/01 v3.1.6a (3.1.6a)
\pgf@plot@mark@count=\count196
\pgfplotmarksize=\dimen190
)
\tikz@lastx=\dimen191
\tikz@lasty=\dimen192
\tikz@lastxsaved=\dimen193
\tikz@lastysaved=\dimen194
\tikz@lastmovetox=\dimen195
\tikz@lastmovetoy=\dimen196
\tikzleveldistance=\dimen197
\tikzsiblingdistance=\dimen198
\tikz@figbox=\box56
\tikz@figbox@bg=\box57
\tikz@tempbox=\box58
\tikz@tempbox@bg=\box59
\tikztreelevel=\count197
\tikznumberofchildren=\count198
\tikznumberofcurrentchild=\count199
\tikz@fig@count=\count266

(C:\Users\user\AppData\Local\Programs\MiKTeX\tex/generic/pgf/modules\pgfmodulem
atrix.code.tex
File: pgfmodulematrix.code.tex 2020/10/01 v3.1.6a (3.1.6a)
\pgfmatrixcurrentrow=\count267
\pgfmatrixcurrentcolumn=\count268
\pgf@matrix@numberofcolumns=\count269
)
\tikz@expandcount=\count270

(C:\Users\user\AppData\Local\Programs\MiKTeX\tex/generic/pgf/frontendlayer/tikz
/libraries\tikzlibrarytopaths.code.tex
File: tikzlibrarytopaths.code.tex 2020/10/01 v3.1.6a (3.1.6a)
)))
(C:\Users\user\AppData\Local\Programs\MiKTeX\tex/generic/pgf/frontendlayer/tikz
/libraries\tikzlibraryarrows.code.tex
File: tikzlibraryarrows.code.tex 2020/10/01 v3.1.6a (3.1.6a)

(C:\Users\user\AppData\Local\Programs\MiKTeX\tex/generic/pgf/libraries\pgflibra
ryarrows.code.tex
File: pgflibraryarrows.code.tex 2020/10/01 v3.1.6a (3.1.6a)
\arrowsize=\dimen199
))
(C:\Users\user\AppData\Local\Programs\MiKTeX\tex/generic/pgf/frontendlayer/tikz
/libraries\tikzlibrarycalc.code.tex
File: tikzlibrarycalc.code.tex 2020/10/01 v3.1.6a (3.1.6a)
)
(C:\Users\user\AppData\Local\Programs\MiKTeX\tex/generic/pgf/frontendlayer/tikz
/libraries\tikzlibraryintersections.code.tex
(C:\Users\user\AppData\Local\Programs\MiKTeX\tex/generic/pgf/libraries\pgflibra
ryintersections.code.tex
(C:\Users\user\AppData\Local\Programs\MiKTeX\tex/generic/pgf/libraries\pgflibra
ryfpu.code.tex)
\pgf@intersect@solutions=\count271
))
(C:\Users\user\AppData\Local\Programs\MiKTeX\tex/generic/pgf/frontendlayer/tikz
/libraries\tikzlibrarydecorations.code.tex
(C:\Users\user\AppData\Local\Programs\MiKTeX\tex/generic/pgf/modules\pgfmoduled
ecorations.code.tex
\pgfdecoratedcompleteddistance=\dimen256
\pgfdecoratedremainingdistance=\dimen257
\pgfdecoratedinputsegmentcompleteddistance=\dimen258
\pgfdecoratedinputsegmentremainingdistance=\dimen259
\pgf@decorate@distancetomove=\dimen260
\pgf@decorate@repeatstate=\count272
\pgfdecorationsegmentamplitude=\dimen261
\pgfdecorationsegmentlength=\dimen262
)
\tikz@lib@dec@box=\box60
)
(C:\Users\user\AppData\Local\Programs\MiKTeX\tex/latex/pgfplots\pgfplots.sty
(C:\Users\user\AppData\Local\Programs\MiKTeX\tex/generic/pgfplots\pgfplots.revi
sion.tex)
Package: pgfplots 2020/02/29 v1.17 Data Visualization (1.17)

(C:\Users\user\AppData\Local\Programs\MiKTeX\tex/generic/pgfplots\pgfplots.code
.tex
(C:\Users\user\AppData\Local\Programs\MiKTeX\tex/generic/pgfplots\pgfplotscore.
code.tex
\t@pgfplots@toka=\toks35
\t@pgfplots@tokb=\toks36
\t@pgfplots@tokc=\toks37
\pgfplots@tmpa=\dimen263
\c@pgfplots@coordindex=\count273
\c@pgfplots@scanlineindex=\count274

(C:\Users\user\AppData\Local\Programs\MiKTeX\tex/generic/pgfplots/sys\pgfplotss
ysgeneric.code.tex))
(C:\Users\user\AppData\Local\Programs\MiKTeX\tex/generic/pgfplots/libs\pgfplots
library.code.tex)
(C:\Users\user\AppData\Local\Programs\MiKTeX\tex/generic/pgfplots/oldpgfcompati
b\pgfplotsoldpgfsupp_loader.code.tex)
(C:\Users\user\AppData\Local\Programs\MiKTeX\tex/generic/pgfplots/util\pgfplots
util.code.tex
(C:\Users\user\AppData\Local\Programs\MiKTeX\tex/generic/pgfplots/liststructure
\pgfplotsliststructure.code.tex)
(C:\Users\user\AppData\Local\Programs\MiKTeX\tex/generic/pgfplots/liststructure
\pgfplotsliststructureext.code.tex)
(C:\Users\user\AppData\Local\Programs\MiKTeX\tex/generic/pgfplots/liststructure
\pgfplotsarray.code.tex
\c@pgfplotsarray@tmp=\count275
)
(C:\Users\user\AppData\Local\Programs\MiKTeX\tex/generic/pgfplots/liststructure
\pgfplotsmatrix.code.tex)
(C:\Users\user\AppData\Local\Programs\MiKTeX\tex/generic/pgfplots/numtable\pgfp
lotstableshared.code.tex
\c@pgfplotstable@counta=\count276
\t@pgfplotstable@a=\toks38
)
(C:\Users\user\AppData\Local\Programs\MiKTeX\tex/generic/pgfplots/liststructure
\pgfplotsdeque.code.tex)
(C:\Users\user\AppData\Local\Programs\MiKTeX\tex/generic/pgfplots/util\pgfplots
binary.code.tex
(C:\Users\user\AppData\Local\Programs\MiKTeX\tex/generic/pgfplots/util\pgfplots
binary.data.code.tex))
(C:\Users\user\AppData\Local\Programs\MiKTeX\tex/generic/pgfplots/util\pgfplots
util.verb.code.tex)
(C:\Users\user\AppData\Local\Programs\MiKTeX\tex/generic/pgfplots/libs\pgflibra
rypgfplots.surfshading.code.tex
\c@pgfplotslibrarysurf@no=\count277

(C:\Users\user\AppData\Local\Programs\MiKTeX\tex/generic/pgfplots/sys\pgflibrar
ypgfplots.surfshading.pgfsys-xetex.def
(C:\Users\user\AppData\Local\Programs\MiKTeX\tex/generic/pgfplots/sys\pgflibrar
ypgfplots.surfshading.pgfsys-dvipdfmx.def
\c@pgfplotslibrarysurf@streamlen=\count278
))))
(C:\Users\user\AppData\Local\Programs\MiKTeX\tex/generic/pgfplots/util\pgfplots
colormap.code.tex
(C:\Users\user\AppData\Local\Programs\MiKTeX\tex/generic/pgfplots/util\pgfplots
color.code.tex))
(C:\Users\user\AppData\Local\Programs\MiKTeX\tex/generic/pgfplots\pgfplotsstack
edplots.code.tex)
(C:\Users\user\AppData\Local\Programs\MiKTeX\tex/generic/pgfplots\pgfplotsploth
andlers.code.tex
(C:\Users\user\AppData\Local\Programs\MiKTeX\tex/generic/pgfplots\pgfplotsmeshp
lothandler.code.tex
(C:\Users\user\AppData\Local\Programs\MiKTeX\tex/generic/pgfplots\pgfplotsmeshp
lotimage.code.tex)))
(C:\Users\user\AppData\Local\Programs\MiKTeX\tex/generic/pgfplots\pgfplots.scal
ing.code.tex)
(C:\Users\user\AppData\Local\Programs\MiKTeX\tex/generic/pgfplots\pgfplotscoord
processing.code.tex)
(C:\Users\user\AppData\Local\Programs\MiKTeX\tex/generic/pgfplots\pgfplots.erro
rbars.code.tex)
(C:\Users\user\AppData\Local\Programs\MiKTeX\tex/generic/pgfplots\pgfplots.mark
ers.code.tex)
(C:\Users\user\AppData\Local\Programs\MiKTeX\tex/generic/pgfplots\pgfplotsticks
.code.tex)
(C:\Users\user\AppData\Local\Programs\MiKTeX\tex/generic/pgfplots\pgfplots.path
s.code.tex)
(C:\Users\user\AppData\Local\Programs\MiKTeX\tex/generic/pgf/frontendlayer/tikz
/libraries\tikzlibrarydecorations.pathmorphing.code.tex
(C:\Users\user\AppData\Local\Programs\MiKTeX\tex/generic/pgf/libraries/decorati
ons\pgflibrarydecorations.pathmorphing.code.tex))
(C:\Users\user\AppData\Local\Programs\MiKTeX\tex/generic/pgf/frontendlayer/tikz
/libraries\tikzlibrarydecorations.pathreplacing.code.tex
(C:\Users\user\AppData\Local\Programs\MiKTeX\tex/generic/pgf/libraries/decorati
ons\pgflibrarydecorations.pathreplacing.code.tex))
\pgfplots@numplots=\count279
\pgfplots@xmin@reg=\dimen264
\pgfplots@xmax@reg=\dimen265
\pgfplots@ymin@reg=\dimen266
\pgfplots@ymax@reg=\dimen267
\pgfplots@zmin@reg=\dimen268
\pgfplots@zmax@reg=\dimen269
)
(C:\Users\user\AppData\Local\Programs\MiKTeX\tex/generic/pgf/frontendlayer/tikz
/libraries\tikzlibraryplotmarks.code.tex
File: tikzlibraryplotmarks.code.tex 2020/10/01 v3.1.6a (3.1.6a)

(C:\Users\user\AppData\Local\Programs\MiKTeX\tex/generic/pgf/libraries\pgflibra
ryplotmarks.code.tex
File: pgflibraryplotmarks.code.tex 2020/10/01 v3.1.6a (3.1.6a)
)))
(C:\Users\user\AppData\Local\Programs\MiKTeX\tex/latex/bbm\bbm.sty
Package: bbm 1999/03/15 V 1.2 provides fonts for set symbols - TH
LaTeX Font Info:    Overwriting math alphabet `\mathbbm' in version `bold'
(Font)                  U/bbm/m/n --> U/bbm/bx/n on input line 33.
LaTeX Font Info:    Overwriting math alphabet `\mathbbmss' in version `bold'
(Font)                  U/bbmss/m/n --> U/bbmss/bx/n on input line 35.
)
(sphinxmanual.cls
Document Class: sphinxmanual 2019/12/01 v2.3.0 Document class (Sphinx manual)
(C:\Users\user\AppData\Local\Programs\MiKTeX\tex/latex/base\report.cls
Document Class: report 2020/04/10 v1.4m Standard LaTeX document class
(C:\Users\user\AppData\Local\Programs\MiKTeX\tex/latex/base\size10.clo
File: size10.clo 2020/04/10 v1.4m Standard LaTeX file (size option)
)
\c@part=\count280
\c@chapter=\count281
\c@section=\count282
\c@subsection=\count283
\c@subsubsection=\count284
\c@paragraph=\count285
\c@subparagraph=\count286
\c@figure=\count287
\c@table=\count288
\abovecaptionskip=\skip50
\belowcaptionskip=\skip51
\bibindent=\dimen270
)
LaTeX Info: Redefining \and on input line 35.
))
\sphinxpxdimen=\dimen271

(C:\Users\user\AppData\Local\Programs\MiKTeX\tex/latex/cmap\cmap.sty
Package: cmap 2021/02/06 v1.0j CMap support: searchable PDF


Package cmap Warning: pdftex not detected - exiting.

) (C:\Users\user\AppData\Local\Programs\MiKTeX\tex/latex/fontspec\fontspec.sty
(C:\Users\user\AppData\Local\Programs\MiKTeX\tex/latex/l3packages/xparse\xparse
.sty (C:\Users\user\AppData\Local\Programs\MiKTeX\tex/latex/l3kernel\expl3.sty
Package: expl3 2020-10-27 L3 programming layer (loader) 

(C:\Users\user\AppData\Local\Programs\MiKTeX\tex/latex/l3backend\l3backend-xete
x.def
File: l3backend-xetex.def 2020-09-24 L3 backend support: XeTeX
\g__graphics_track_int=\count289
\l__pdf_internal_box=\box61
\g__pdf_backend_object_int=\count290
\g__pdf_backend_annotation_int=\count291
))
Package: xparse 2020-10-27 L3 Experimental document command parser

(C:\Users\user\AppData\Local\Programs\MiKTeX\tex/latex/l3packages/xparse\xparse
-generic.tex))
Package: fontspec 2020/02/21 v2.7i Font selection for XeLaTeX and LuaLaTeX

(C:\Users\user\AppData\Local\Programs\MiKTeX\tex/latex/fontspec\fontspec-xetex.
sty
Package: fontspec-xetex 2020/02/21 v2.7i Font selection for XeLaTeX and LuaLaTe
X
\l__fontspec_script_int=\count292
\l__fontspec_language_int=\count293
\l__fontspec_strnum_int=\count294
\l__fontspec_tmp_int=\count295
\l__fontspec_tmpa_int=\count296
\l__fontspec_tmpb_int=\count297
\l__fontspec_tmpc_int=\count298
\l__fontspec_em_int=\count299
\l__fontspec_emdef_int=\count300
\l__fontspec_strong_int=\count301
\l__fontspec_strongdef_int=\count302
\l__fontspec_tmpa_dim=\dimen272
\l__fontspec_tmpb_dim=\dimen273
\l__fontspec_tmpc_dim=\dimen274
 (C:\Users\user\AppData\Local\Programs\MiKTeX\tex/latex/base\fontenc.sty
Package: fontenc 2020/08/10 v2.0s Standard LaTeX package
)
(C:\Users\user\AppData\Local\Programs\MiKTeX\tex/latex/fontspec\fontspec.cfg)))

(C:\Users\user\AppData\Local\Programs\MiKTeX\tex/latex/polyglossia\polyglossia.
sty
Package: polyglossia 2021/04/12 v1.53 Modern multilingual typesetting with XeLa
TeX and LuaLaTeX

(C:\Users\user\AppData\Local\Programs\MiKTeX\tex/latex/etoolbox\etoolbox.sty
Package: etoolbox 2020/10/05 v2.5k e-TeX tools for LaTeX (JAW)
\etb@tempcnta=\count303
)
(C:\Users\user\AppData\Local\Programs\MiKTeX\tex/latex/makecmds\makecmds.sty
Package: makecmds 2009/09/03 v1.0a extra command making commands
)
(C:\Users\user\AppData\Local\Programs\MiKTeX\tex/latex/xkeyval\xkeyval.sty
Package: xkeyval 2014/12/03 v2.7a package option processing (HA)

(C:\Users\user\AppData\Local\Programs\MiKTeX\tex/generic/xkeyval\xkeyval.tex
(C:\Users\user\AppData\Local\Programs\MiKTeX\tex/generic/xkeyval\xkvutils.tex
\XKV@toks=\toks39
\XKV@tempa@toks=\toks40
)
\XKV@depth=\count304
File: xkeyval.tex 2014/12/03 v2.7a key=value parser (HA)
)) (C:\Users\user\AppData\Local\Programs\MiKTeX\tex/generic/iftex\iftex.sty
Package: iftex 2020/03/06 v1.0d TeX engine tests
)
(C:\Users\user\AppData\Local\Programs\MiKTeX\tex/latex/l3packages/l3keys2e\l3ke
ys2e.sty
Package: l3keys2e 2020-10-27 LaTeX2e option processing using LaTeX3 keys
)
\xpg@normalclass=\XeTeXcharclass1

(C:\Users\user\AppData\Local\Programs\MiKTeX\tex/latex/polyglossia\gloss-latex.
ldf
File: gloss-latex.ldf polyglossia: module for default language
The property list \polyglossia@langsetup contains the pairs (without outer
braces):
>  {latex/script}  =>  {latin}
>  {latex/lcscript}  =>  {latin}
>  {latex/scripttag}  =>  {}
>  {latex/language}  =>  {Latex}
>  {latex/langtag}  =>  {ENG}
>  {latex/bcp47}  =>  {}
>  {latex/hyphennames}  =>  {english}
>  {latex/direction}  =>  {LR}
>  {latex/hyphenmins}  =>  {2,3}
>  {latex/frenchspacing}  =>  {false}
>  {latex/indentfirst}  =>  {false}
>  {latex/fontsetup}  =>  {true}
>  {latex/envname}  =>  {latex}
>  {latex/babelname}  =>  {latex}
>  {latex/localnumeral}  =>  {polyglossia@C@localnumeral}
>  {latex/Localnumeral}  =>  {polyglossia@C@localnumeral}.
)
Package polyglossia Info: Default language is latex.
)
(C:\Users\user\AppData\Local\Programs\MiKTeX\tex/latex/polyglossia\gloss-englis
h.ldf
File: gloss-english.ldf polyglossia: module for english
The property list \polyglossia@langsetup contains the pairs (without outer
braces):
>  {latex/script}  =>  {latin}
>  {latex/lcscript}  =>  {latin}
>  {latex/scripttag}  =>  {}
>  {latex/language}  =>  {Latex}
>  {latex/langtag}  =>  {ENG}
>  {latex/bcp47}  =>  {}
>  {latex/hyphennames}  =>  {english}
>  {latex/direction}  =>  {LR}
>  {latex/hyphenmins}  =>  {2,3}
>  {latex/frenchspacing}  =>  {false}
>  {latex/indentfirst}  =>  {false}
>  {latex/fontsetup}  =>  {true}
>  {latex/envname}  =>  {latex}
>  {latex/babelname}  =>  {latex}
>  {latex/localnumeral}  =>  {polyglossia@C@localnumeral}
>  {latex/Localnumeral}  =>  {polyglossia@C@localnumeral}
>  {english/script}  =>  {latin}
>  {english/lcscript}  =>  {latin}
>  {english/scripttag}  =>  {}
>  {english/language}  =>  {English}
>  {english/langtag}  =>  {ENG}
>  {english/bcp47}  =>  {en-US}
>  {english/hyphennames}  =>  {english,american,usenglish,USenglish}
>  {english/direction}  =>  {LR}
>  {english/hyphenmins}  =>  {2,3}
>  {english/frenchspacing}  =>  {false}
>  {english/indentfirst}  =>  {false}
>  {english/fontsetup}  =>  {true}
>  {english/envname}  =>  {english}
>  {english/babelname}  =>  {english}
>  {english/localnumeral}  =>  {polyglossia@C@localnumeral}
>  {english/Localnumeral}  =>  {polyglossia@C@localnumeral}.
Package polyglossia Info: Option: English, variant=american.
)
Package polyglossia Info: Default language is english.

Package fontspec Info: Font family 'FreeSerif(0)' created for font 'FreeSerif'
(fontspec)             with options [Extension = .otf,UprightFont =
(fontspec)             *,ItalicFont = *Italic,BoldFont = *Bold,BoldItalicFont
(fontspec)             = *BoldItalic].
(fontspec)              
(fontspec)              This font family consists of the following NFSS
(fontspec)             series/shapes:
(fontspec)              
(fontspec)             - 'normal' (m/n) with NFSS spec.:
(fontspec)             <->"[FreeSerif.otf]/OT:script=latn;language=dflt;"
(fontspec)             - 'small caps'  (m/sc) with NFSS spec.:
(fontspec)             <->"[FreeSerif.otf]/OT:script=latn;language=dflt;+smcp;"

(fontspec)             - 'bold' (b/n) with NFSS spec.:
(fontspec)             <->"[FreeSerifBold.otf]/OT:script=latn;language=dflt;"
(fontspec)             - 'bold small caps'  (b/sc) with NFSS spec.:
(fontspec)             <->"[FreeSerifBold.otf]/OT:script=latn;language=dflt;+sm
cp;"
(fontspec)             - 'italic' (m/it) with NFSS spec.:
(fontspec)             <->"[FreeSerifItalic.otf]/OT:script=latn;language=dflt;"

(fontspec)             - 'italic small caps'  (m/scit) with NFSS spec.: 
(fontspec)             - 'bold italic' (b/it) with NFSS spec.:
(fontspec)             <->"[FreeSerifBoldItalic.otf]/OT:script=latn;language=df
lt;"
(fontspec)             - 'bold italic small caps'  (b/scit) with NFSS spec.: 


Package fontspec Info: Font family 'FreeSans(0)' created for font 'FreeSans'
(fontspec)             with options [Extension = .otf,UprightFont =
(fontspec)             *,ItalicFont = *Oblique,BoldFont = *Bold,BoldItalicFont
(fontspec)             = *BoldOblique].
(fontspec)              
(fontspec)              This font family consists of the following NFSS
(fontspec)             series/shapes:
(fontspec)              
(fontspec)             - 'normal' (m/n) with NFSS spec.:
(fontspec)             <->"[FreeSans.otf]/OT:script=latn;language=dflt;"
(fontspec)             - 'small caps'  (m/sc) with NFSS spec.:
(fontspec)             <->"[FreeSans.otf]/OT:script=latn;language=dflt;+smcp;"
(fontspec)             - 'bold' (b/n) with NFSS spec.:
(fontspec)             <->"[FreeSansBold.otf]/OT:script=latn;language=dflt;"
(fontspec)             - 'bold small caps'  (b/sc) with NFSS spec.:
(fontspec)             <->"[FreeSansBold.otf]/OT:script=latn;language=dflt;+smc
p;"
(fontspec)             - 'italic' (m/it) with NFSS spec.:
(fontspec)             <->"[FreeSansOblique.otf]/OT:script=latn;language=dflt;"

(fontspec)             - 'italic small caps'  (m/scit) with NFSS spec.: 
(fontspec)             - 'bold italic' (b/it) with NFSS spec.:
(fontspec)             <->"[FreeSansBoldOblique.otf]/OT:script=latn;language=df
lt;"
(fontspec)             - 'bold italic small caps'  (b/scit) with NFSS spec.: 


Package fontspec Info: Font family 'FreeMono(0)' created for font 'FreeMono'
(fontspec)             with options [Extension = .otf,UprightFont =
(fontspec)             *,ItalicFont = *Oblique,BoldFont = *Bold,BoldItalicFont
(fontspec)             = *BoldOblique].
(fontspec)              
(fontspec)              This font family consists of the following NFSS
(fontspec)             series/shapes:
(fontspec)              
(fontspec)             - 'normal' (m/n) with NFSS spec.:
(fontspec)             <->"[FreeMono.otf]/OT:script=latn;language=dflt;"
(fontspec)             - 'small caps'  (m/sc) with NFSS spec.: 
(fontspec)             - 'bold' (b/n) with NFSS spec.:
(fontspec)             <->"[FreeMonoBold.otf]/OT:script=latn;language=dflt;"
(fontspec)             - 'bold small caps'  (b/sc) with NFSS spec.: 
(fontspec)             - 'italic' (m/it) with NFSS spec.:
(fontspec)             <->"[FreeMonoOblique.otf]/OT:script=latn;language=dflt;"

(fontspec)             - 'italic small caps'  (m/scit) with NFSS spec.: 
(fontspec)             - 'bold italic' (b/it) with NFSS spec.:
(fontspec)             <->"[FreeMonoBoldOblique.otf]/OT:script=latn;language=df
lt;"
(fontspec)             - 'bold italic small caps'  (b/scit) with NFSS spec.: 


(C:\Users\user\AppData\Local\Programs\MiKTeX\tex/latex/fncychap\fncychap.sty
Package: fncychap 2007/07/30 v1.34 LaTeX package (Revised chapters)
\RW=\skip52
\mylen=\skip53
\myhi=\skip54
\px=\skip55
\py=\skip56
\pyy=\skip57
\pxx=\skip58
\c@AlphaCnt=\count305
\c@AlphaDecCnt=\count306
)
(sphinx.sty
Package: sphinx 2021/01/23 v3.5.0 LaTeX package (Sphinx markup)

(C:\Users\user\AppData\Local\Programs\MiKTeX\tex/generic/ltxcmds\ltxcmds.sty
Package: ltxcmds 2020-05-10 v1.25 LaTeX kernel commands for general use (HO)
)
(C:\Users\user\AppData\Local\Programs\MiKTeX\tex/latex/fancyhdr\fancyhdr.sty
Package: fancyhdr 2021/01/28 v4.0.1 Extensive control of page headers and foote
rs
\f@nch@headwidth=\skip59
\f@nch@O@elh=\skip60
\f@nch@O@erh=\skip61
\f@nch@O@olh=\skip62
\f@nch@O@orh=\skip63
\f@nch@O@elf=\skip64
\f@nch@O@erf=\skip65
\f@nch@O@olf=\skip66
\f@nch@O@orf=\skip67
)
(C:\Users\user\AppData\Local\Programs\MiKTeX\tex/latex/base\textcomp.sty
Package: textcomp 2020/02/02 v2.0n Standard LaTeX package
)
(C:\Users\user\AppData\Local\Programs\MiKTeX\tex/latex/titlesec\titlesec.sty
Package: titlesec 2021/07/05 v2.14 Sectioning titles
\ttl@box=\box62
\beforetitleunit=\skip68
\aftertitleunit=\skip69
\ttl@plus=\dimen275
\ttl@minus=\dimen276
\ttl@toksa=\toks41
\titlewidth=\dimen277
\titlewidthlast=\dimen278
\titlewidthfirst=\dimen279
)
(C:\Users\user\AppData\Local\Programs\MiKTeX\tex/latex/tabulary\tabulary.sty
Package: tabulary 2014/06/11 v0.10 tabulary package (DPC)

(C:\Users\user\AppData\Local\Programs\MiKTeX\tex/latex/tools\array.sty
Package: array 2019/08/31 v2.4l Tabular extension package (FMi)
\col@sep=\dimen280
\ar@mcellbox=\box63
\extrarowheight=\dimen281
\NC@list=\toks42
\extratabsurround=\skip70
\backup@length=\skip71
\ar@cellbox=\box64
)
\TY@count=\count307
\TY@linewidth=\dimen282
\tymin=\dimen283
\tymax=\dimen284
\TY@tablewidth=\dimen285
)
(C:\Users\user\AppData\Local\Programs\MiKTeX\tex/latex/tools\longtable.sty
Package: longtable 2020/01/07 v4.13 Multi-page Table package (DPC)
\LTleft=\skip72
\LTright=\skip73
\LTpre=\skip74
\LTpost=\skip75
\LTchunksize=\count308
\LTcapwidth=\dimen286
\LT@head=\box65
\LT@firsthead=\box66
\LT@foot=\box67
\LT@lastfoot=\box68
\LT@cols=\count309
\LT@rows=\count310
\c@LT@tables=\count311
\c@LT@chunks=\count312
\LT@p@ftn=\toks43
)
(C:\Users\user\AppData\Local\Programs\MiKTeX\tex/latex/varwidth\varwidth.sty
Package: varwidth 2009/03/30 ver 0.92;  Variable-width minipages
\@vwid@box=\box69
\sift@deathcycles=\count313
\@vwid@loff=\dimen287
\@vwid@roff=\dimen288
)
(sphinxmulticell.sty
Package: sphinxmulticell 2017/02/23 v1.6 better span rows and columns of a tabl
e (Sphinx team)
\sphinx@TY@tablewidth=\dimen289
)
(C:\Users\user\AppData\Local\Programs\MiKTeX\tex/latex/base\makeidx.sty
Package: makeidx 2014/09/29 v1.0m Standard LaTeX package
)
(C:\Users\user\AppData\Local\Programs\MiKTeX\tex/latex/framed\framed.sty
Package: framed 2011/10/22 v 0.96: framed or shaded text with page breaks
\OuterFrameSep=\skip76
\fb@frw=\dimen290
\fb@frh=\dimen291
\FrameRule=\dimen292
\FrameSep=\dimen293
)
(C:\Users\user\AppData\Local\Programs\MiKTeX\tex/latex/fancyvrb\fancyvrb.sty
Package: fancyvrb 2021/08/12 v3.8 verbatim text (tvz,hv)
\FV@CodeLineNo=\count314
\FV@InFile=\read3
\FV@TabBox=\box70
\c@FancyVerbLine=\count315
\FV@StepNumber=\count316
\FV@OutFile=\write4
)
(footnotehyper-sphinx.sty
Package: footnotehyper-sphinx 2021/02/04 v1.1d hyperref aware footnote.sty for 
sphinx (JFB)
\FNH@notes=\box71
\FNH@toks=\toks44
\FNH@width=\dimen294
)
(C:\Users\user\AppData\Local\Programs\MiKTeX\tex/latex/float\float.sty
Package: float 2001/11/08 v1.3d Float enhancements (AL)
\c@float@type=\count317
\float@exts=\toks45
\float@box=\box72
\@float@everytoks=\toks46
\@floatcapt=\box73
)
(C:\Users\user\AppData\Local\Programs\MiKTeX\tex/latex/wrapfig\wrapfig.sty
\wrapoverhang=\dimen295
\WF@size=\dimen296
\c@WF@wrappedlines=\count318
\WF@box=\box74
\WF@everypar=\toks47
Package: wrapfig 2003/01/31  v 3.6
)
(C:\Users\user\AppData\Local\Programs\MiKTeX\tex/latex/parskip\parskip.sty
Rollback for package 'parskip' requested -> version 'v1'.
         This corresponds to the release introduced on 2001-04-09.

(C:\Users\user\AppData\Local\Programs\MiKTeX\tex/latex/parskip\parskip-2001-04-
09.sty
Package: parskip 2001/04/09 non-zero parskip adjustments
)) (C:\Users\user\AppData\Local\Programs\MiKTeX\tex/latex/base\alltt.sty
Package: alltt 1997/06/16 v2.0g defines alltt environment
) (C:\Users\user\AppData\Local\Programs\MiKTeX\tex/latex/upquote\upquote.sty
Package: upquote 2012/04/19 v1.3 upright-quote and grave-accent glyphs in verba
tim
)
(C:\Users\user\AppData\Local\Programs\MiKTeX\tex/latex/capt-of\capt-of.sty
Package: capt-of 2009/12/29 v0.2 standard captions outside of floats
)
(C:\Users\user\AppData\Local\Programs\MiKTeX\tex/latex/needspace\needspace.sty
Package: needspace 2010/09/12 v1.3d reserve vertical space
) (C:\Users\user\AppData\Local\Programs\MiKTeX\tex/latex/tools\multicol.sty
Package: multicol 2019/12/09 v1.8y multicolumn formatting (FMi)
\c@tracingmulticols=\count319
\mult@box=\box75
\multicol@leftmargin=\dimen297
\c@unbalance=\count320
\c@collectmore=\count321
\doublecol@number=\count322
\multicoltolerance=\count323
\multicolpretolerance=\count324
\full@width=\dimen298
\page@free=\dimen299
\premulticols=\dimen300
\postmulticols=\dimen301
\multicolsep=\skip77
\multicolbaselineskip=\skip78
\partial@page=\box76
\last@line=\box77
\maxbalancingoverflow=\dimen302
\mult@rightbox=\box78
\mult@grightbox=\box79
\mult@gfirstbox=\box80
\mult@firstbox=\box81
\@tempa=\box82
\@tempa=\box83
\@tempa=\box84
\@tempa=\box85
\@tempa=\box86
\@tempa=\box87
\@tempa=\box88
\@tempa=\box89
\@tempa=\box90
\@tempa=\box91
\@tempa=\box92
\@tempa=\box93
\@tempa=\box94
\@tempa=\box95
\@tempa=\box96
\@tempa=\box97
\@tempa=\box98
\@tempa=\box99
\@tempa=\box100
\@tempa=\box101
\@tempa=\box102
\@tempa=\box103
\@tempa=\box104
\@tempa=\box105
\@tempa=\box106
\@tempa=\box107
\@tempa=\box108
\@tempa=\box109
\@tempa=\box110
\@tempa=\box111
\@tempa=\box112
\@tempa=\box113
\@tempa=\box114
\@tempa=\box115
\@tempa=\box116
\@tempa=\box117
\@tempa=\box118
\c@minrows=\count325
\c@columnbadness=\count326
\c@finalcolumnbadness=\count327
\last@try=\dimen303
\multicolovershoot=\dimen304
\multicolundershoot=\dimen305
\mult@nat@firstbox=\box119
\colbreak@box=\box120
\mc@col@check@num=\count328
)
(sphinxhighlight.sty
Package: sphinxhighlight 2016/05/29 stylesheet for highlighting with pygments
)
(C:\Users\user\AppData\Local\Programs\MiKTeX\tex/latex/kvoptions\kvoptions.sty
Package: kvoptions 2020-10-07 v3.14 Key value format for package options (HO)

(C:\Users\user\AppData\Local\Programs\MiKTeX\tex/generic/kvsetkeys\kvsetkeys.st
y
Package: kvsetkeys 2019/12/15 v1.18 Key value parser (HO)
))
\sphinxverbatimsep=\dimen306
\sphinxverbatimborder=\dimen307
\sphinxshadowsep=\dimen308
\sphinxshadowsize=\dimen309
\sphinxshadowrule=\dimen310
\spx@notice@border=\dimen311
\spx@image@maxheight=\dimen312
\spx@image@box=\box121
\c@sphinxscope=\count329
\c@sphinxexplicit=\count330
\sphinxcontinuationbox=\box122
\sphinxvisiblespacebox=\box123
\sphinxVerbatim@TitleBox=\box124
\sphinxVerbatim@ContentsBox=\box125
\spx@scratchbox=\box126
\py@argswidth=\skip79
\lineblockindentation=\skip80
\DUlineblockindent=\skip81
)
(C:\Users\user\AppData\Local\Programs\MiKTeX\tex/latex/geometry\geometry.sty
Package: geometry 2020/01/02 v5.9 Page Geometry

(C:\Users\user\AppData\Local\Programs\MiKTeX\tex/generic/iftex\ifvtex.sty
Package: ifvtex 2019/10/25 v1.7 ifvtex legacy package. Use iftex instead.
)
\Gm@cnth=\count331
\Gm@cntv=\count332
\c@Gm@tempcnt=\count333
\Gm@bindingoffset=\dimen313
\Gm@wd@mp=\dimen314
\Gm@odd@mp=\dimen315
\Gm@even@mp=\dimen316
\Gm@layoutwidth=\dimen317
\Gm@layoutheight=\dimen318
\Gm@layouthoffset=\dimen319
\Gm@layoutvoffset=\dimen320
\Gm@dimlist=\toks48

(C:\Users\user\AppData\Local\Programs\MiKTeX\tex/xelatex/xetexconfig\geometry.c
fg))
(C:\Users\user\AppData\Local\Programs\MiKTeX\tex/latex/hyperref\hyperref.sty
Package: hyperref 2020-05-15 v7.00e Hypertext links for LaTeX

(C:\Users\user\AppData\Local\Programs\MiKTeX\tex/generic/pdftexcmds\pdftexcmds.
sty
Package: pdftexcmds 2020-06-27 v0.33 Utility functions of pdfTeX for LuaTeX (HO
)


! LaTeX Error: File `infwarerr.sty' not found.

Type X to quit or <RETURN> to proceed,
or enter new name. (Default extension: sty)

Enter file name: x

! Emergency stop.
<read *> 
         
l.184   \RequirePackage{infwarerr}[2007/09/09]
                                              %
*** (cannot \read from terminal in nonstop modes)

 
Here is how much of TeX's memory you used:
 30160 strings out of 412147
 771597 string characters out of 2848608
 1187016 words of memory out of 3000000
 49235 multiletter control sequences out of 15000+200000
 535256 words of font info for 50 fonts, out of 3000000 for 9000
 1349 hyphenation exceptions out of 8191
 99i,0n,120p,754b,479s stack positions out of 5000i,500n,10000p,200000b,50000s
No pages of output.
